warning: bot_tally.qc:175:Unreferenced local variable e
warning: bot_tally.qc:193:Unreferenced local variable e
warning: bot_tally.qc:204:Unreferenced local variable e
warning: bot_tally.qc:215:Unreferenced local variable e
warning: bot_tally.qc:226:Unreferenced local variable e
warning: bot_tally.qc:237:Unreferenced local variable e
warning: bot_tally.qc:248:Unreferenced local variable e
warning: bot_tally.qc:253:Unreferenced local variable e
warning: bot_tally.qc:264:Unreferenced local variable e
warning: bot_tally.qc:269:Unreferenced local variable e
warning: bot_tally.qc:426:Unreferenced local variable e
warning: chaos.qc:77:Unreferenced local variable ct
warning: environment.qc:519:Unreferenced local variable src_x
warning: environment.qc:1017:Unreferenced local variable gibname
warning: environment.qc:1035:Unreferenced local variable md
warning: environment.qc:1048:Unreferenced local variable flg
warning: pk_src/pk_client.qc:1838:Unreferenced local variable e
warning: pk_src/pk_client.qc:1846:Unreferenced local variable e
warning: pk_src/pk_client.qc:1855:Unreferenced local variable e
warning: items.qc:480:Unreferenced local variable old
warning: client.qc:451:Unreferenced local variable v_x
warning: ogre.qc:843:Unreferenced local variable damage
warning: ogre.qc:843:Unreferenced local variable attacker
warning: demon.qc:301:Unreferenced local variable attacker
warning: shambler.qc:289:Unreferenced local variable attacker
warning: knight.qc:167:Unreferenced local variable damage
warning: knight.qc:167:Unreferenced local variable attacker
warning: soldier.qc:233:Unreferenced local variable damage
warning: soldier.qc:233:Unreferenced local variable attacker
warning: wizard.qc:426:Unreferenced local variable attacker
warning: zombie.qc:462:Unreferenced local variable attacker
warning: hknight.qc:699:Unreferenced local variable attacker
warning: fish.qc:152:Unreferenced local variable attacker
warning: enforcer.qc:326:Unreferenced local variable damage
warning: enforcer.qc:326:Unreferenced local variable attacker
warning: scourge.qc:405:Unreferenced local variable attacker
warning: mon_II/vomitus.qc:583:Unreferenced local variable attacker
warning: mon_II/blarg.qc:96:Unreferenced local variable damage
warning: mon_II/blarg.qc:96:Unreferenced local variable attacker
warning: mon_II/blarg.qc:308:Unreferenced local variable attacker
warning: mon_II/blarg.qc:308:Unreferenced local variable targ
warning: mon_II/raptor.qc:426:Unreferenced local variable attacker
warning: mon_II/raptor.qc:444:Unreferenced local variable attacker
warning: mon_II/raptor.qc:505:Unreferenced local variable attacker
warning: mon_II/raptor.qc:505:Unreferenced local variable targ
warning: mon_II/spider.qc:318:Unreferenced local variable attacker
warning: mon_II/spider.qc:318:Unreferenced local variable targ
warning: mon_II/manga.qc:326:Unreferenced local variable damage
warning: mon_II/manga.qc:326:Unreferenced local variable attacker
warning: mon_II/manga.qc:391:Unreferenced local variable attacker
warning: mon_II/manga.qc:391:Unreferenced local variable targ
warning: mon_II/bossman.qc:267:Unreferenced local variable attacker
warning: mon_II/bossman.qc:285:Unreferenced local variable targ
warning: mon_II/bossman.qc:290:Unreferenced local variable targ
warning: mon_II/young.qc:346:Unreferenced local variable damage
warning: mon_II/young.qc:346:Unreferenced local variable attacker
warning: mon_II/young.qc:435:Unreferenced local variable targ
warning: mon_II/young.qc:440:Unreferenced local variable targ
warning: mon_II/clinger.qc:123:Unreferenced local variable attacker
warning: mon_II/heximp.qc:214:Unreferenced local variable side
warning: hipnotic/gremlin.qc:938:Unreferenced local variable damage
warning: hipnotic/gremlin.qc:1501:Unreferenced local variable ox
warning: hipnotic/gremlin.qc:1990:Unreferenced local variable inflictor
warning: xwep/dooments.qc:660:Unreferenced local variable targ
warning: xwep/dooments.qc:665:Unreferenced local variable targ
warning: xwep/dooments.qc:683:Unreferenced local variable targ
warning: xwep/dooments.qc:688:Unreferenced local variable targ
warning: xwep/dooments.qc:697:Unreferenced local variable targ
warning: xwep/dooments.qc:702:Unreferenced local variable targ
warning: xwep/dooments.qc:1601:Unreferenced local variable targ
warning: xwep/dooments.qc:1606:Unreferenced local variable targ
warning: xwep/x_firecode.qc:2099:Unreferenced local variable recurse
warning: xwep/q2ents.qc:428:Unreferenced local variable targ
warning: xwep/q2ents.qc:433:Unreferenced local variable targ
warning: xwep/q2ents.qc:443:Unreferenced local variable targ
warning: xwep/q2ents.qc:448:Unreferenced local variable targ
warning: xwep/q2ents.qc:508:Unreferenced local variable targ
warning: xwep/q2ents.qc:513:Unreferenced local variable targ
warning: xwep/q2ents.qc:522:Unreferenced local variable targ
warning: xwep/q2ents.qc:527:Unreferenced local variable targ
warning: xwep/q2ents.qc:536:Unreferenced local variable targ
warning: xwep/q2ents.qc:541:Unreferenced local variable targ
warning: xwep/q2ents.qc:551:Unreferenced local variable targ
warning: xwep/q2ents.qc:556:Unreferenced local variable targ
warning: xwep/q2ents.qc:565:Unreferenced local variable targ
warning: xwep/q2ents.qc:570:Unreferenced local variable targ
warning: xwep/q3ents.qc:432:Unreferenced local variable targ
warning: xwep/q3ents.qc:438:Unreferenced local variable targ
warning: xwep/q3ents.qc:517:Unreferenced local variable targ
warning: xwep/q3ents.qc:523:Unreferenced local variable targ
warning: xwep/q3ents.qc:534:Unreferenced local variable targ
warning: xwep/q3ents.qc:540:Unreferenced local variable targ
warning: xwep/q3ents.qc:551:Unreferenced local variable targ
warning: xwep/q3ents.qc:557:Unreferenced local variable targ
warning: xwep/chaosents.qc:99:Unreferenced local variable targ
warning: xwep/chaosents.qc:107:Unreferenced local variable attacker
warning: xwep/chaosents.qc:107:Unreferenced local variable targ
warning: xwep/chaosents.qc:162:Unreferenced local variable targ
warning: xwep/chaosents.qc:167:Unreferenced local variable targ
warning: xwep/chaosents.qc:215:Unreferenced local variable targ
warning: xwep/chaosents.qc:220:Unreferenced local variable targ
warning: pk_src/pk_weapons.qc:75:Unreferenced local variable damage
warning: pk_src/ego.qc:160:Unreferenced local variable ownerEntity
warning: morph/morph.qc:203:Unreferenced local variable fp
warning: morph/morph.qc:203:Unreferenced local variable p1
warning: morph/morph.qc:1165:Unreferenced local variable silent
warning: morph/morph.qc:1349:Unreferenced local variable g1
warning: morph/morph.qc:1349:Unreferenced local variable gf
warning: morph/morph.qc:1349:Unreferenced local variable sz
warning: morph/morph.qc:1349:Unreferenced local variable rd
warning: morph/morph.qc:1349:Unreferenced local variable flg
warning: morph/morph.qc:1349:Unreferenced local variable hf
warning: morph/morph.qc:1349:Unreferenced local variable hd
warning: morph/m-scourge.qc:508:Unreferenced local variable targ
warning: morph/m-scourge.qc:514:Unreferenced local variable targ
warning: morph/m-enforcer.qc:289:Unreferenced local variable damage
warning: morph/m-enforcer.qc:289:Unreferenced local variable attacker
warning: morph/m-zombie.qc:340:Unreferenced local variable attacker
warning: morph/m-demon.qc:444:Unreferenced local variable targ
warning: morph/m-demon.qc:450:Unreferenced local variable targ
warning: morph/m-hknigh.qc:183:Unreferenced local variable miss
warning: morph/m-hknigh.qc:325:Unreferenced local variable targ
warning: morph/m-ogre.qc:289:Unreferenced local variable targ
warning: morph/m-ogre.qc:297:Unreferenced local variable targ
warning: morph/m-shambl.qc:121:Unreferenced local variable attacker
warning: morph/m-shambl.qc:195:Unreferenced local variable side
warning: morph/m-shambl.qc:288:Unreferenced local variable targ
warning: morph/m-gremlin.qc:229:Unreferenced local variable take
warning: morph/m-gremlin.qc:229:Unreferenced local variable attacker
warning: morph/m-gremlin.qc:475:Unreferenced local variable targ
warning: morph/m-gremlin.qc:481:Unreferenced local variable targ
warning: botmove.qc:331:Unreferenced local variable dist
warning: botmove.qc:650:Unreferenced local variable dist
